[2025-12-22T12:01:07.195+0000] {taskinstance.py:1979} INFO - Dependencies all met for dep_context=non-requeueable deps ti=<TaskInstance: linkinfo_dag.process_linkinfo manual__2025-12-22T12:01:04.821124+00:00 [queued]>
[2025-12-22T12:01:07.211+0000] {taskinstance.py:1979} INFO - Dependencies all met for dep_context=requeueable deps ti=<TaskInstance: linkinfo_dag.process_linkinfo manual__2025-12-22T12:01:04.821124+00:00 [queued]>
[2025-12-22T12:01:07.212+0000] {taskinstance.py:2193} INFO - Starting attempt 1 of 1
[2025-12-22T12:01:07.242+0000] {taskinstance.py:2217} INFO - Executing <Task(PythonOperator): process_linkinfo> on 2025-12-22 12:01:04.821124+00:00
[2025-12-22T12:01:07.246+0000] {standard_task_runner.py:60} INFO - Started process 767 to run task
[2025-12-22T12:01:07.248+0000] {standard_task_runner.py:87} INFO - Running: ['airflow', 'tasks', 'run', 'linkinfo_dag', 'process_linkinfo', 'manual__2025-12-22T12:01:04.821124+00:00', '--job-id', '218', '--raw', '--subdir', 'DAGS_FOLDER/linkinfo_dag.py', '--cfg-path', '/tmp/tmpr8_stwsj']
[2025-12-22T12:01:07.250+0000] {standard_task_runner.py:88} INFO - Job 218: Subtask process_linkinfo
[2025-12-22T12:01:07.310+0000] {task_command.py:423} INFO - Running <TaskInstance: linkinfo_dag.process_linkinfo manual__2025-12-22T12:01:04.821124+00:00 [running]> on host a5c0974290b2
[2025-12-22T12:01:07.402+0000] {taskinstance.py:2513} INFO - Exporting env vars: AIRFLOW_CTX_DAG_OWNER='airflow' AIRFLOW_CTX_DAG_ID='linkinfo_dag' AIRFLOW_CTX_TASK_ID='process_linkinfo' AIRFLOW_CTX_EXECUTION_DATE='2025-12-22T12:01:04.821124+00:00' AIRFLOW_CTX_TRY_NUMBER='1' AIRFLOW_CTX_DAG_RUN_ID='manual__2025-12-22T12:01:04.821124+00:00'
[2025-12-22T12:01:07.416+0000] {base.py:83} INFO - Using connection ID 'navisafe_mysql' for task execution.
[2025-12-22T12:01:07.420+0000] {taskinstance.py:2731} ERROR - Task failed with exception
Traceback (most recent call last):
  File "/home/airflow/.local/lib/python3.9/site-packages/airflow/models/taskinstance.py", line 444, in _execute_task
    result = _execute_callable(context=context, **execute_callable_kwargs)
  File "/home/airflow/.local/lib/python3.9/site-packages/airflow/models/taskinstance.py", line 414, in _execute_callable
    return execute_callable(context=context, **execute_callable_kwargs)
  File "/home/airflow/.local/lib/python3.9/site-packages/airflow/operators/python.py", line 200, in execute
    return_value = self.execute_callable()
  File "/home/airflow/.local/lib/python3.9/site-packages/airflow/operators/python.py", line 217, in execute_callable
    return self.python_callable(*self.op_args, **self.op_kwargs)
  File "/opt/airflow/dataflow/preprocessing/linkinfo_worker.py", line 91, in run_linkinfo_worker
    cursor = conn.cursor(dictionary=True)
TypeError: cursor() got an unexpected keyword argument 'dictionary'
[2025-12-22T12:01:07.431+0000] {taskinstance.py:1149} INFO - Marking task as FAILED. dag_id=linkinfo_dag, task_id=process_linkinfo, execution_date=20251222T120104, start_date=20251222T120107, end_date=20251222T120107
[2025-12-22T12:01:07.466+0000] {standard_task_runner.py:107} ERROR - Failed to execute job 218 for task process_linkinfo (cursor() got an unexpected keyword argument 'dictionary'; 767)
[2025-12-22T12:01:07.501+0000] {local_task_job_runner.py:234} INFO - Task exited with return code 1
[2025-12-22T12:01:07.523+0000] {taskinstance.py:3312} INFO - 0 downstream tasks scheduled from follow-on schedule check
